[00:00:06] [Server thread/WARN]: Can't keep up! Is the server overloaded? Running 3471ms or 69 ticks behind
[00:00:25] [Server thread/WARN]: Can't keep up! Is the server overloaded? Running 4443ms or 88 ticks behind
[00:00:44] [Server thread/WARN]: Can't keep up! Is the server overloaded? Running 3801ms or 76 ticks behind
[00:01:02] [Server thread/WARN]: Can't keep up! Is the server overloaded? Running 2989ms or 59 ticks behind
[00:01:20] [Server thread/WARN]: Can't keep up! Is the server overloaded? Running 2712ms or 54 ticks behind
[00:01:37] [Server thread/WARN]: Can't keep up! Is the server overloaded? Running 2300ms or 46 ticks behind
[00:01:55] [Server thread/WARN]: Can't keep up! Is the server overloaded? Running 2581ms or 51 ticks behind
[00:02:12] [Server thread/WARN]: Can't keep up! Is the server overloaded? Running 2091ms or 41 ticks behind
[00:02:30] [Server thread/WARN]: Can't keep up! Is the server overloaded? Running 2964ms or 59 ticks behind
[00:02:49] [Server thread/WARN]: Can't keep up! Is the server overloaded? Running 2036ms or 40 ticks behind
[00:02:58] [Server thread/INFO]: Slashtag_[/0:0:0:0:0:0:0:1:53246] logged in with entity id 152953 at (55.70163640404357, 11.0, 593.9994006643635)
[00:02:58] [Server thread/INFO]: Slashtag_ joined the game
[00:03:08] [Server thread/WARN]: Can't keep up! Is the server overloaded? Running 4595ms or 91 ticks behind
[00:03:13] [Server thread/INFO]: Slashtag_ lost connection: Timed out
[00:03:13] [Server thread/INFO]: Slashtag_ left the game
[00:03:23] [Server thread/INFO]: Slashtag_[/0:0:0:0:0:0:0:1:53248] logged in with entity id 152989 at (55.70163640404357, 11.0, 593.9994006643635)
[00:03:23] [Server thread/INFO]: Slashtag_ joined the game
[00:03:29] [Server thread/WARN]: Can't keep up! Is the server overloaded? Running 5318ms or 106 ticks behind
[00:03:38] [Server thread/INFO]: Slashtag_ lost connection: Timed out
[00:03:38] [Server thread/INFO]: Slashtag_ left the game
[00:03:45] [Server thread/INFO]: Slashtag_[/0:0:0:0:0:0:0:1:53252] logged in with entity id 153007 at (55.70163640404357, 11.0, 593.9994006643635)
[00:03:45] [Server thread/INFO]: Slashtag_ joined the game
[00:03:48] [Server thread/WARN]: Can't keep up! Is the server overloaded? Running 4755ms or 95 ticks behind
[00:04:08] [Server thread/WARN]: Can't keep up! Is the server overloaded? Running 4644ms or 92 ticks behind
[00:04:29] [Server thread/WARN]: Can't keep up! Is the server overloaded? Running 5959ms or 119 ticks behind
[00:04:50] [Server thread/WARN]: Can't keep up! Is the server overloaded? Running 6044ms or 120 ticks behind
[00:05:27] [Server thread/WARN]: Can't keep up! Is the server overloaded? Running 21774ms or 435 ticks behind
[00:06:01] [Server thread/WARN]: Can't keep up! Is the server overloaded? Running 19541ms or 390 ticks behind
[00:06:34] [Server thread/WARN]: Can't keep up! Is the server overloaded? Running 17829ms or 356 ticks behind
[00:07:07] [Server thread/WARN]: Can't keep up! Is the server overloaded? Running 17992ms or 359 ticks behind
[00:07:40] [Server thread/WARN]: Can't keep up! Is the server overloaded? Running 17854ms or 357 ticks behind
[00:08:12] [Server thread/WARN]: Can't keep up! Is the server overloaded? Running 16876ms or 337 ticks behind
[00:08:41] [Server thread/WARN]: Can't keep up! Is the server overloaded? Running 14800ms or 296 ticks behind
[00:09:12] [Server thread/WARN]: Can't keep up! Is the server overloaded? Running 15634ms or 312 ticks behind
[00:09:42] [Server thread/WARN]: Can't keep up! Is the server overloaded? Running 15149ms or 302 ticks behind
[00:10:02] [Server thread/WARN]: Slashtag_ moved too quickly! -322.6609708628147,3.1875,-1388.9118672146205
[00:10:17] [Server thread/WARN]: Can't keep up! Is the server overloaded? Running 20051ms or 401 ticks behind
[00:10:44] [Server thread/WARN]: Can't keep up! Is the server overloaded? Running 11483ms or 229 ticks behind
[00:11:09] [Server thread/WARN]: Can't keep up! Is the server overloaded? Running 10590ms or 211 ticks behind
[00:11:32] [Server thread/WARN]: Can't keep up! Is the server overloaded? Running 8081ms or 161 ticks behind
[00:11:54] [Server thread/WARN]: Can't keep up! Is the server overloaded? Running 7139ms or 142 ticks behind
[00:12:10] [Server thread/INFO]: Slashtag_ lost connection: Disconnected
[00:12:10] [Server thread/INFO]: Slashtag_ left the game
[00:12:15] [Server thread/WARN]: Can't keep up! Is the server overloaded? Running 5932ms or 118 ticks behind
[00:12:33] [Server thread/WARN]: Can't keep up! Is the server overloaded? Running 2657ms or 53 ticks behind
[00:14:56] [Server thread/INFO]: Slashtag_[/0:0:0:0:0:0:0:1:53344] logged in with entity id 155416 at (-112.29989495591892, 58.0, -34.58055992298758)
[00:14:56] [Server thread/INFO]: Slashtag_ joined the game
[00:14:58] [Server thread/WARN]: Can't keep up! Is the server overloaded? Running 2154ms or 43 ticks behind
[00:15:22] [Server thread/WARN]: Can't keep up! Is the server overloaded? Running 9365ms or 187 ticks behind
[00:15:47] [Server thread/WARN]: Can't keep up! Is the server overloaded? Running 9162ms or 183 ticks behind
[00:16:07] [Server thread/WARN]: Can't keep up! Is the server overloaded? Running 5209ms or 104 ticks behind
[00:16:31] [Server thread/WARN]: Can't keep up! Is the server overloaded? Running 8901ms or 178 ticks behind
[00:16:53] [Server thread/WARN]: Can't keep up! Is the server overloaded? Running 7144ms or 142 ticks behind
[00:17:15] [Server thread/WARN]: Can't keep up! Is the server overloaded? Running 7056ms or 141 ticks behind
[00:17:37] [Server thread/WARN]: Can't keep up! Is the server overloaded? Running 7434ms or 148 ticks behind
[00:18:00] [Server thread/WARN]: Can't keep up! Is the server overloaded? Running 7359ms or 147 ticks behind
[00:18:24] [Server thread/WARN]: Can't keep up! Is the server overloaded? Running 9133ms or 182 ticks behind
[00:18:50] [Server thread/WARN]: Can't keep up! Is the server overloaded? Running 11697ms or 233 ticks behind
[00:19:12] [Server thread/WARN]: Can't keep up! Is the server overloaded? Running 7126ms or 142 ticks behind
[00:19:34] [Server thread/WARN]: Can't keep up! Is the server overloaded? Running 6880ms or 137 ticks behind
[00:19:56] [Server thread/WARN]: Can't keep up! Is the server overloaded? Running 6883ms or 137 ticks behind
[00:20:20] [Server thread/WARN]: Can't keep up! Is the server overloaded? Running 8748ms or 174 ticks behind
[00:20:41] [Server thread/WARN]: Can't keep up! Is the server overloaded? Running 6497ms or 129 ticks behind
[00:21:02] [Server thread/WARN]: Can't keep up! Is the server overloaded? Running 5943ms or 118 ticks behind
[00:21:24] [Server thread/WARN]: Can't keep up! Is the server overloaded? Running 6753ms or 135 ticks behind
[00:21:46] [Server thread/WARN]: Can't keep up! Is the server overloaded? Running 6865ms or 137 ticks behind
[00:22:10] [Server thread/WARN]: Can't keep up! Is the server overloaded? Running 9020ms or 180 ticks behind
[00:22:32] [Server thread/WARN]: Can't keep up! Is the server overloaded? Running 7130ms or 142 ticks behind
[00:22:52] [Server thread/WARN]: Can't keep up! Is the server overloaded? Running 5373ms or 107 ticks behind
[00:23:18] [Server thread/WARN]: Can't keep up! Is the server overloaded? Running 10579ms or 211 ticks behind
[00:23:45] [Server thread/WARN]: Can't keep up! Is the server overloaded? Running 12426ms or 248 ticks behind
[00:24:13] [Server thread/WARN]: Can't keep up! Is the server overloaded? Running 12841ms or 256 ticks behind
[00:24:40] [Server thread/WARN]: Can't keep up! Is the server overloaded? Running 12181ms or 243 ticks behind
[00:25:08] [Server thread/WARN]: Can't keep up! Is the server overloaded? Running 13027ms or 260 ticks behind
[00:25:37] [Server thread/WARN]: Can't keep up! Is the server overloaded? Running 14242ms or 284 ticks behind
[00:26:08] [Server thread/WARN]: Can't keep up! Is the server overloaded? Running 15689ms or 313 ticks behind
[00:26:36] [Server thread/WARN]: Can't keep up! Is the server overloaded? Running 12758ms or 255 ticks behind
[00:27:05] [Server thread/WARN]: p0wer789 moved too quickly! -10.18193856419515,0.0,-0.614715576126514
[00:27:07] [Server thread/WARN]: Can't keep up! Is the server overloaded? Running 16348ms or 326 ticks behind
[00:27:36] [Server thread/WARN]: Can't keep up! Is the server overloaded? Running 13929ms or 278 ticks behind
[00:28:03] [Server thread/WARN]: Can't keep up! Is the server overloaded? Running 12337ms or 246 ticks behind
[00:28:30] [Server thread/WARN]: Can't keep up! Is the server overloaded? Running 12077ms or 241 ticks behind
[00:28:56] [Server thread/WARN]: Can't keep up! Is the server overloaded? Running 10673ms or 213 ticks behind
[00:29:23] [Server thread/WARN]: Can't keep up! Is the server overloaded? Running 11682ms or 233 ticks behind
[00:29:50] [Server thread/WARN]: Can't keep up! Is the server overloaded? Running 12196ms or 243 ticks behind
[00:30:11] [Server thread/INFO]: Slashtag_ lost connection: Disconnected
[00:30:11] [Server thread/INFO]: Slashtag_ left the game
[00:30:15] [Server thread/WARN]: Can't keep up! Is the server overloaded? Running 10659ms or 213 ticks behind
[00:30:50] [Server thread/WARN]: Can't keep up! Is the server overloaded? Running 2024ms or 40 ticks behind
[00:31:45] [Server thread/WARN]: Can't keep up! Is the server overloaded? Running 2019ms or 40 ticks behind
[00:32:40] [Server thread/WARN]: Can't keep up! Is the server overloaded? Running 2034ms or 40 ticks behind
[00:33:38] [Server thread/WARN]: Can't keep up! Is the server overloaded? Running 2836ms or 56 ticks behind
[00:36:14] [Server thread/WARN]: Can't keep up! Is the server overloaded? Running 2011ms or 40 ticks behind
[00:36:31] [Server thread/WARN]: Can't keep up! Is the server overloaded? Running 2514ms or 50 ticks behind
[00:36:45] [Server thread/INFO]: p0wer789 lost connection: Disconnected
[00:36:45] [Server thread/INFO]: p0wer789 left the game
[00:44:04] [Server thread/INFO]: Slashtag_[/0:0:0:0:0:0:0:1:53470] logged in with entity id 157738 at (-127.26311753379437, 1.0, -23.391549269920176)
[00:44:04] [Server thread/INFO]: Slashtag_ joined the game
[00:47:35] [Server thread/INFO]: Slashtag_ lost connection: Timed out
[00:47:35] [Server thread/INFO]: Slashtag_ left the game
[00:47:37] [Server thread/INFO]: Slashtag_[/0:0:0:0:0:0:0:1:53490] logged in with entity id 158008 at (-250.70920698711654, 1.0, -23.380704947559693)
[00:47:37] [Server thread/INFO]: Slashtag_ joined the game
[00:49:45] [Server thread/INFO]: Slashtag_ fell from a high place
[00:50:03] [Server thread/WARN]: Can't keep up! Is the server overloaded? Running 2005ms or 40 ticks behind
[00:50:22] [Server thread/WARN]: Can't keep up! Is the server overloaded? Running 4386ms or 87 ticks behind
[00:50:39] [Server thread/WARN]: Can't keep up! Is the server overloaded? Running 2287ms or 45 ticks behind
[00:50:58] [Server thread/WARN]: Can't keep up! Is the server overloaded? Running 4165ms or 83 ticks behind
[00:51:47] [Server thread/WARN]: Can't keep up! Is the server overloaded? Running 2057ms or 41 ticks behind
[00:54:00] [Server thread/WARN]: Can't keep up! Is the server overloaded? Running 2718ms or 54 ticks behind
[00:54:11] [Server thread/WARN]: Slashtag_ moved too quickly! -322.4232123033332,3.233632006042477,-1389.3655711920828
[00:55:46] [Server thread/INFO]: Slashtag_ lost connection: Disconnected
[00:55:46] [Server thread/INFO]: Slashtag_ left the game
[01:02:46] [Server thread/INFO]: Slashtag_[/0:0:0:0:0:0:0:1:53542] logged in with entity id 159992 at (-200.6208828395395, 1.0, -23.512040548949173)
[01:02:46] [Server thread/INFO]: Slashtag_ joined the game
[01:04:29] [Server thread/WARN]: Can't keep up! Is the server overloaded? Running 2007ms or 40 ticks behind
[01:04:50] [Server thread/WARN]: Can't keep up! Is the server overloaded? Running 5871ms or 117 ticks behind
[01:05:13] [Server thread/WARN]: Slashtag_ moved too quickly! 10.09939306823108,0.0,-0.10301654888485956
[01:05:13] [Server thread/WARN]: Can't keep up! Is the server overloaded? Running 3057ms or 61 ticks behind
[01:09:15] [Server thread/WARN]: Slashtag_ moved too quickly! -10.100763197549014,0.0,-0.07738627580805257
[01:09:15] [Server thread/WARN]: Can't keep up! Is the server overloaded? Running 3361ms or 67 ticks behind
[01:10:00] [Server thread/WARN]: Can't keep up! Is the server overloaded? Running 2016ms or 40 ticks behind
[01:10:21] [Server thread/WARN]: Can't keep up! Is the server overloaded? Running 5759ms or 115 ticks behind
[01:10:39] [Server thread/WARN]: Can't keep up! Is the server overloaded? Running 2923ms or 58 ticks behind
[01:10:56] [Server thread/WARN]: Can't keep up! Is the server overloaded? Running 2478ms or 49 ticks behind
[01:11:41] [Server thread/WARN]: Can't keep up! Is the server overloaded? Running 2003ms or 40 ticks behind
[01:11:59] [Server thread/WARN]: Can't keep up! Is the server overloaded? Running 2356ms or 47 ticks behind
[01:12:23] [Server thread/INFO]: Slashtag_ lost connection: Disconnected
[01:12:23] [Server thread/INFO]: Slashtag_ left the game
[08:06:08] [Server thread/INFO]: Slashtag_[/0:0:0:0:0:0:0:1:54946] logged in with entity id 161487 at (86.28730038366214, 40.0, 567.4245573848566)
[08:06:08] [Server thread/INFO]: Slashtag_ joined the game
[08:06:19] [Server thread/WARN]: Can't keep up! Is the server overloaded? Running 2001ms or 40 ticks behind
[08:08:04] [Server thread/WARN]: Can't keep up! Is the server overloaded? Running 2037ms or 40 ticks behind
[08:09:40] [Server thread/WARN]: Slashtag_ moved too quickly! -9.321910450843518,0.6709083839322858,-4.381231138595695
[08:09:40] [Server thread/WARN]: Can't keep up! Is the server overloaded? Running 3514ms or 70 ticks behind
[08:11:36] [Server thread/WARN]: Can't keep up! Is the server overloaded? Running 2014ms or 40 ticks behind
[08:12:00] [Server thread/WARN]: Can't keep up! Is the server overloaded? Running 2009ms or 40 ticks behind
[08:12:53] [Server thread/WARN]: Can't keep up! Is the server overloaded? Running 2001ms or 40 ticks behind
[08:13:30] [Server thread/WARN]: Can't keep up! Is the server overloaded? Running 2016ms or 40 ticks behind
[08:13:47] [Server thread/WARN]: Can't keep up! Is the server overloaded? Running 2557ms or 51 ticks behind
[08:14:17] [Server thread/WARN]: Can't keep up! Is the server overloaded? Running 2026ms or 40 ticks behind
[08:14:55] [Server thread/WARN]: Can't keep up! Is the server overloaded? Running 2837ms or 56 ticks behind
[08:15:28] [Server thread/WARN]: Can't keep up! Is the server overloaded? Running 2017ms or 40 ticks behind
[08:16:15] [Server thread/WARN]: Can't keep up! Is the server overloaded? Running 2028ms or 40 ticks behind
[08:20:01] [Server thread/WARN]: Can't keep up! Is the server overloaded? Running 2179ms or 43 ticks behind
[08:20:36] [Server thread/WARN]: Mismatch in destroy block pos: fu{x=417, y=76, z=1408} fu{x=419, y=75, z=1407}
[08:20:47] [Server thread/WARN]: Can't keep up! Is the server overloaded? Running 2012ms or 40 ticks behind
[08:21:09] [Server thread/WARN]: Mismatch in destroy block pos: fu{x=423, y=73, z=1413} fu{x=423, y=73, z=1411}
[08:21:29] [Server thread/WARN]: Can't keep up! Is the server overloaded? Running 2007ms or 40 ticks behind
[08:21:39] [Server thread/WARN]: Slashtag_ moved too quickly! -322.5594113065139,3.1875,-1389.0658699867354
[08:26:04] [Server thread/INFO]: Slashtag_ fell out of the world
[08:26:05] [Server thread/FATAL]: Error executing task on Server
java.lang.NullPointerException: null
	at yv.b(SourceFile:202) ~[server.jar:?]
	at yp.a(SourceFile:939) ~[server.jar:?]
	at zb.a(SourceFile:467) ~[server.jar:?]
	at zv.a(SourceFile:867) ~[server.jar:?]
	at rs.a(SourceFile:122) ~[server.jar:?]
	at rs$a.a(SourceFile:56) ~[server.jar:?]
	at nk.a(SourceFile:21) ~[server.jar:?]
	at uy.run(SourceFile:18) ~[server.jar:?]
	at amn.c(SourceFile:144) ~[server.jar:?]
	at amr.c(SourceFile:23) ~[server.jar:?]
	at net.minecraft.server.MinecraftServer.b(SourceFile:763) ~[server.jar:?]
	at net.minecraft.server.MinecraftServer.c(SourceFile:154) ~[server.jar:?]
	at amn.x(SourceFile:118) ~[server.jar:?]
	at net.minecraft.server.MinecraftServer.aZ(SourceFile:745) ~[server.jar:?]
	at net.minecraft.server.MinecraftServer.x(SourceFile:739) ~[server.jar:?]
	at amn.c(SourceFile:127) ~[server.jar:?]
	at net.minecraft.server.MinecraftServer.w(SourceFile:724) ~[server.jar:?]
	at net.minecraft.server.MinecraftServer.v(SourceFile:676) ~[server.jar:?]
	at net.minecraft.server.MinecraftServer.a(SourceFile:256) ~[server.jar:?]
	at java.lang.Thread.run(Thread.java:748) [?:1.8.0_212]
[08:26:23] [Server thread/WARN]: Can't keep up! Is the server overloaded? Running 2025ms or 40 ticks behind
[08:26:44] [Server thread/WARN]: Can't keep up! Is the server overloaded? Running 5702ms or 114 ticks behind
[08:27:01] [Server thread/WARN]: Can't keep up! Is the server overloaded? Running 2443ms or 48 ticks behind
[08:27:18] [Server thread/WARN]: Can't keep up! Is the server overloaded? Running 2006ms or 40 ticks behind
[08:28:13] [Server thread/WARN]: Can't keep up! Is the server overloaded? Running 2013ms or 40 ticks behind
[08:28:30] [Server thread/WARN]: Can't keep up! Is the server overloaded? Running 2740ms or 54 ticks behind
[08:30:25] [Server thread/WARN]: Can't keep up! Is the server overloaded? Running 2794ms or 55 ticks behind
[08:35:22] [Server thread/WARN]: Mismatch in destroy block pos: fu{x=475, y=79, z=1233} fu{x=476, y=80, z=1231}
[08:35:27] [Server thread/WARN]: Can't keep up! Is the server overloaded? Running 2006ms or 40 ticks behind
[08:37:17] [Server thread/WARN]: Slashtag_ moved too quickly! -322.5152890525886,3.233632006042477,-1388.9446660119563
[08:47:28] [Server thread/WARN]: Can't keep up! Is the server overloaded? Running 2009ms or 40 ticks behind
[08:48:06] [Server thread/WARN]: Can't keep up! Is the server overloaded? Running 2031ms or 40 ticks behind
[08:48:29] [Server thread/WARN]: Can't keep up! Is the server overloaded? Running 2009ms or 40 ticks behind
[08:48:50] [Server thread/WARN]: Can't keep up! Is the server overloaded? Running 2013ms or 40 ticks behind
[08:49:07] [Server thread/WARN]: Can't keep up! Is the server overloaded? Running 2296ms or 45 ticks behind
[08:50:02] [Server thread/WARN]: Can't keep up! Is the server overloaded? Running 2003ms or 40 ticks behind
[08:50:41] [Server thread/WARN]: Slashtag_ moved too quickly! 3.612010373067278,3.0,9.010880770208132
[08:50:41] [Server thread/WARN]: Can't keep up! Is the server overloaded? Running 2144ms or 42 ticks behind
[08:52:31] [Server thread/WARN]: Can't keep up! Is the server overloaded? Running 2005ms or 40 ticks behind
[08:52:52] [Server thread/WARN]: Can't keep up! Is the server overloaded? Running 2008ms or 40 ticks behind
[08:53:47] [Server thread/WARN]: Can't keep up! Is the server overloaded? Running 2020ms or 40 ticks behind
[08:54:08] [Server thread/WARN]: Can't keep up! Is the server overloaded? Running 2008ms or 40 ticks behind
[08:54:26] [Server thread/WARN]: Can't keep up! Is the server overloaded? Running 2789ms or 55 ticks behind
[08:55:54] [Server thread/WARN]: Slashtag_ moved too quickly! 0.3986050101121785,0.0,-10.11330564906757
[08:55:54] [Server thread/WARN]: Can't keep up! Is the server overloaded? Running 2548ms or 50 ticks behind
[08:56:12] [Server thread/WARN]: Can't keep up! Is the server overloaded? Running 2582ms or 51 ticks behind
[08:56:31] [Server thread/WARN]: Can't keep up! Is the server overloaded? Running 4473ms or 89 ticks behind
[08:57:01] [Server thread/WARN]: Can't keep up! Is the server overloaded? Running 2009ms or 40 ticks behind
[08:57:41] [Server thread/WARN]: Slashtag_ moved too quickly! -0.010122908297717004,7.5,-7.295156861236251
[08:57:41] [Server thread/WARN]: Can't keep up! Is the server overloaded? Running 3628ms or 72 ticks behind
[08:58:05] [Server thread/WARN]: Can't keep up! Is the server overloaded? Running 2021ms or 40 ticks behind
[08:58:22] [Server thread/WARN]: Can't keep up! Is the server overloaded? Running 2819ms or 56 ticks behind
[08:58:42] [Server thread/WARN]: Can't keep up! Is the server overloaded? Running 2004ms or 40 ticks behind
[08:59:00] [Server thread/WARN]: Can't keep up! Is the server overloaded? Running 3097ms or 61 ticks behind
[08:59:18] [Server thread/WARN]: Can't keep up! Is the server overloaded? Running 2462ms or 49 ticks behind
[08:59:35] [Server thread/WARN]: Can't keep up! Is the server overloaded? Running 2253ms or 45 ticks behind
[08:59:53] [Server thread/WARN]: Can't keep up! Is the server overloaded? Running 3228ms or 64 ticks behind
[09:00:12] [Server thread/WARN]: Can't keep up! Is the server overloaded? Running 4111ms or 82 ticks behind
[09:00:34] [Server thread/WARN]: Can't keep up! Is the server overloaded? Running 2010ms or 40 ticks behind
[09:01:06] [Server thread/WARN]: Can't keep up! Is the server overloaded? Running 2020ms or 40 ticks behind
[09:01:25] [Server thread/WARN]: Can't keep up! Is the server overloaded? Running 2001ms or 40 ticks behind
[09:01:46] [Server thread/WARN]: Can't keep up! Is the server overloaded? Running 5805ms or 116 ticks behind
[09:02:04] [Server thread/WARN]: Can't keep up! Is the server overloaded? Running 2942ms or 58 ticks behind
[09:02:29] [Server thread/WARN]: Entity bcu['Zombie'/171342, l='ServerLevel[world]', x=-0.08, y=59.70, z=546.51] left loaded chunk area
[09:02:36] [Server thread/WARN]: Can't keep up! Is the server overloaded? Running 2004ms or 40 ticks behind
[09:02:55] [Server thread/WARN]: Can't keep up! Is the server overloaded? Running 3509ms or 70 ticks behind
[09:06:53] [Server thread/WARN]: Can't keep up! Is the server overloaded? Running 3946ms or 78 ticks behind
[09:06:53] [Server thread/WARN]: Slashtag_ moved too quickly! 9.383403083249348,-0.2564708892573009,4.435566677536713
[09:07:11] [Server thread/WARN]: Can't keep up! Is the server overloaded? Running 2012ms or 40 ticks behind
[09:09:45] [Server thread/WARN]: Mismatch in destroy block pos: fu{x=418, y=76, z=1393} fu{x=420, y=76, z=1393}
[09:09:45] [Server thread/WARN]: Mismatch in destroy block pos: fu{x=418, y=76, z=1393} fu{x=420, y=76, z=1393}
[09:10:11] [Server thread/WARN]: Mismatch in destroy block pos: fu{x=415, y=73, z=1418} fu{x=415, y=72, z=1418}
[09:10:11] [Server thread/WARN]: Mismatch in destroy block pos: fu{x=415, y=73, z=1418} fu{x=415, y=72, z=1418}
[09:10:11] [Server thread/WARN]: Mismatch in destroy block pos: fu{x=415, y=73, z=1418} fu{x=415, y=72, z=1418}
[09:10:37] [Server thread/WARN]: Can't keep up! Is the server overloaded? Running 2046ms or 40 ticks behind
[09:12:00] [Server thread/WARN]: Can't keep up! Is the server overloaded? Running 3256ms or 65 ticks behind
[09:14:23] [Server thread/WARN]: Can't keep up! Is the server overloaded? Running 2011ms or 40 ticks behind
[09:14:42] [Server thread/WARN]: Can't keep up! Is the server overloaded? Running 3888ms or 77 ticks behind
[09:15:02] [Server thread/WARN]: Can't keep up! Is the server overloaded? Running 2017ms or 40 ticks behind
[09:15:19] [Server thread/WARN]: Can't keep up! Is the server overloaded? Running 2473ms or 49 ticks behind
[09:15:57] [Server thread/WARN]: Can't keep up! Is the server overloaded? Running 2047ms or 40 ticks behind
[09:16:16] [Server thread/WARN]: Can't keep up! Is the server overloaded? Running 3144ms or 62 ticks behind
[09:17:18] [Server thread/WARN]: Slashtag_ moved too quickly! 9.933693330978429,0.756759288177264,2.5008463769215723
[09:17:18] [Server thread/WARN]: Can't keep up! Is the server overloaded? Running 2786ms or 55 ticks behind
[09:18:54] [Server thread/WARN]: Slashtag_ moved too quickly! -321.41790349724084,3.233632006042477,-1390.557774389139
[09:18:55] [Server thread/WARN]: Can't keep up! Is the server overloaded? Running 2230ms or 44 ticks behind
[09:35:35] [Server thread/WARN]: Can't keep up! Is the server overloaded? Running 2012ms or 40 ticks behind
[09:35:55] [Server thread/WARN]: Can't keep up! Is the server overloaded? Running 5127ms or 102 ticks behind
[09:36:23] [Server thread/WARN]: Can't keep up! Is the server overloaded? Running 2007ms or 40 ticks behind
[09:36:40] [Server thread/WARN]: Can't keep up! Is the server overloaded? Running 2307ms or 46 ticks behind
[09:37:03] [Server thread/WARN]: Can't keep up! Is the server overloaded? Running 2005ms or 40 ticks behind
[09:37:37] [Server thread/WARN]: Can't keep up! Is the server overloaded? Running 3091ms or 61 ticks behind
[09:37:57] [Server thread/WARN]: Can't keep up! Is the server overloaded? Running 2022ms or 40 ticks behind
[09:38:15] [Server thread/WARN]: Can't keep up! Is the server overloaded? Running 2003ms or 40 ticks behind
[09:38:41] [Server thread/WARN]: Can't keep up! Is the server overloaded? Running 2020ms or 40 ticks behind
[09:39:04] [Server thread/WARN]: Can't keep up! Is the server overloaded? Running 2003ms or 40 ticks behind
[09:39:23] [Server thread/WARN]: Can't keep up! Is the server overloaded? Running 2012ms or 40 ticks behind
[09:39:41] [Server thread/WARN]: Can't keep up! Is the server overloaded? Running 3312ms or 66 ticks behind
[09:40:08] [Server thread/WARN]: Can't keep up! Is the server overloaded? Running 2019ms or 40 ticks behind
[09:41:57] [Server thread/WARN]: Can't keep up! Is the server overloaded? Running 2015ms or 40 ticks behind
[09:42:25] [Server thread/WARN]: Can't keep up! Is the server overloaded? Running 2002ms or 40 ticks behind
[09:43:00] [Server thread/WARN]: Can't keep up! Is the server overloaded? Running 3928ms or 78 ticks behind
[09:43:40] [Server thread/WARN]: Can't keep up! Is the server overloaded? Running 2002ms or 40 ticks behind
[09:43:57] [Server thread/WARN]: Can't keep up! Is the server overloaded? Running 2099ms or 41 ticks behind
[09:44:14] [Server thread/WARN]: Can't keep up! Is the server overloaded? Running 2154ms or 43 ticks behind
[09:44:41] [Server thread/WARN]: Can't keep up! Is the server overloaded? Running 2004ms or 40 ticks behind
[09:45:27] [Server thread/WARN]: Can't keep up! Is the server overloaded? Running 2017ms or 40 ticks behind
[09:46:22] [Server thread/WARN]: Can't keep up! Is the server overloaded? Running 2016ms or 40 ticks behind
[09:48:14] [Server thread/WARN]: Slashtag_ moved too quickly! 0.8027241798989166,-1.0,9.927902997791534
[09:48:14] [Server thread/WARN]: Can't keep up! Is the server overloaded? Running 2144ms or 42 ticks behind
[09:51:09] [Server thread/WARN]: Can't keep up! Is the server overloaded? Running 2034ms or 40 ticks behind
[09:53:19] [Server thread/WARN]: Can't keep up! Is the server overloaded? Running 2001ms or 40 ticks behind
[09:58:21] [Server thread/WARN]: Can't keep up! Is the server overloaded? Running 2007ms or 40 ticks behind
[10:08:23] [Server thread/WARN]: Can't keep up! Is the server overloaded? Running 2676ms or 53 ticks behind
[10:09:21] [Server thread/WARN]: Can't keep up! Is the server overloaded? Running 2004ms or 40 ticks behind
[10:09:46] [Server thread/WARN]: Can't keep up! Is the server overloaded? Running 2016ms or 40 ticks behind
[10:09:53] [Server thread/WARN]: Slashtag_ moved too quickly! -322.5458768433605,3.233632006042477,-1388.8993240787818
[10:11:52] [Server thread/INFO]: Slashtag_ lost connection: Disconnected
[10:11:52] [Server thread/INFO]: Slashtag_ left the game
[10:21:28] [Server thread/INFO]: Slashtag_[/0:0:0:0:0:0:0:1:55420] logged in with entity id 183946 at (-115.31412255578763, 58.0, -20.566973572804415)
[10:21:28] [Server thread/INFO]: Slashtag_ joined the game
[10:23:28] [Server thread/WARN]: Can't keep up! Is the server overloaded? Running 2006ms or 40 ticks behind
[10:23:48] [Server thread/WARN]: Can't keep up! Is the server overloaded? Running 5384ms or 107 ticks behind
[10:24:06] [Server thread/WARN]: Can't keep up! Is the server overloaded? Running 2661ms or 53 ticks behind
[10:24:23] [Server thread/WARN]: Can't keep up! Is the server overloaded? Running 2581ms or 51 ticks behind
[10:24:51] [Server thread/WARN]: Can't keep up! Is the server overloaded? Running 2003ms or 40 ticks behind
[10:25:00] [Server thread/WARN]: Slashtag_ moved too quickly! -0.5835073719273396,-0.37673561378173304,10.241757473483517
[10:25:11] [Server thread/WARN]: Can't keep up! Is the server overloaded? Running 4854ms or 97 ticks behind
[10:25:21] [Server thread/INFO]: Slashtag_ has made the advancement [Fishy Business]
[10:28:48] [Server thread/WARN]: Can't keep up! Is the server overloaded? Running 2043ms or 40 ticks behind
[10:29:59] [Server thread/WARN]: Can't keep up! Is the server overloaded? Running 2011ms or 40 ticks behind
[10:30:28] [Server thread/WARN]: Can't keep up! Is the server overloaded? Running 2001ms or 40 ticks behind
[10:30:48] [Server thread/WARN]: Can't keep up! Is the server overloaded? Running 2007ms or 40 ticks behind
[10:31:15] [Server thread/INFO]: Slashtag_ lost connection: Timed out
[10:31:15] [Server thread/INFO]: Slashtag_ left the game
[10:31:16] [Server thread/WARN]: Can't keep up! Is the server overloaded? Running 2186ms or 43 ticks behind
[10:41:39] [Server thread/INFO]: Slashtag_[/0:0:0:0:0:0:0:1:55484] logged in with entity id 185135 at (65.625563965966, 11.0, 592.4072150067657)
[10:41:39] [Server thread/INFO]: Slashtag_ joined the game
[10:41:51] [Server thread/WARN]: Can't keep up! Is the server overloaded? Running 2005ms or 40 ticks behind
[10:42:27] [Server thread/WARN]: Can't keep up! Is the server overloaded? Running 2005ms or 40 ticks behind
[10:42:45] [Server thread/WARN]: Can't keep up! Is the server overloaded? Running 2486ms or 49 ticks behind
[10:43:02] [Server thread/WARN]: Can't keep up! Is the server overloaded? Running 2681ms or 53 ticks behind
[10:43:29] [Server thread/INFO]: Slashtag_ lost connection: Disconnected
[10:43:29] [Server thread/INFO]: Slashtag_ left the game
[10:48:32] [Server thread/INFO]: Slashtag_[/0:0:0:0:0:0:0:1:55514] logged in with entity id 185524 at (62.63600202275958, 11.0, 592.1411231303157)
[10:48:32] [Server thread/INFO]: Slashtag_ joined the game
[10:48:44] [Server thread/WARN]: Can't keep up! Is the server overloaded? Running 2048ms or 40 ticks behind
[10:49:05] [Server thread/WARN]: Can't keep up! Is the server overloaded? Running 6065ms or 121 ticks behind
[10:49:26] [Server thread/WARN]: Can't keep up! Is the server overloaded? Running 6107ms or 122 ticks behind
[10:49:44] [Server thread/WARN]: Can't keep up! Is the server overloaded? Running 2619ms or 52 ticks behind
[10:50:06] [Server thread/WARN]: Can't keep up! Is the server overloaded? Running 2057ms or 41 ticks behind
[10:50:31] [Server thread/WARN]: Can't keep up! Is the server overloaded? Running 2040ms or 40 ticks behind
[10:54:29] [Server thread/WARN]: Can't keep up! Is the server overloaded? Running 2913ms or 58 ticks behind
[10:59:33] [Server thread/WARN]: Slashtag_ moved too quickly! -6.20238980488287,-2.676470876144279,-7.4689797681787695
[10:59:33] [Server thread/WARN]: Can't keep up! Is the server overloaded? Running 3438ms or 68 ticks behind
[11:00:48] [Server thread/WARN]: Can't keep up! Is the server overloaded? Running 2016ms or 40 ticks behind
[11:01:07] [Server thread/WARN]: Can't keep up! Is the server overloaded? Running 4251ms or 85 ticks behind
[11:04:42] [Server thread/WARN]: Can't keep up! Is the server overloaded? Running 2761ms or 55 ticks behind
[11:09:20] [Server thread/WARN]: Can't keep up! Is the server overloaded? Running 2052ms or 41 ticks behind
[11:09:38] [Server thread/WARN]: Can't keep up! Is the server overloaded? Running 3528ms or 70 ticks behind
[11:09:57] [Server thread/WARN]: Can't keep up! Is the server overloaded? Running 4060ms or 81 ticks behind
[11:10:22] [Server thread/WARN]: Can't keep up! Is the server overloaded? Running 2018ms or 40 ticks behind
[11:10:40] [Server thread/WARN]: Can't keep up! Is the server overloaded? Running 2719ms or 54 ticks behind
[11:10:57] [Server thread/WARN]: Can't keep up! Is the server overloaded? Running 2017ms or 40 ticks behind
[11:11:14] [Server thread/WARN]: Can't keep up! Is the server overloaded? Running 2028ms or 40 ticks behind
[11:11:32] [Server thread/WARN]: Can't keep up! Is the server overloaded? Running 3139ms or 62 ticks behind
[11:11:50] [Server thread/WARN]: Can't keep up! Is the server overloaded? Running 3205ms or 64 ticks behind
[11:12:07] [Server thread/WARN]: Can't keep up! Is the server overloaded? Running 2001ms or 40 ticks behind
[11:12:31] [Server thread/WARN]: Can't keep up! Is the server overloaded? Running 2005ms or 40 ticks behind
[11:12:49] [Server thread/WARN]: Can't keep up! Is the server overloaded? Running 3163ms or 63 ticks behind
[11:13:08] [Server thread/WARN]: Can't keep up! Is the server overloaded? Running 3898ms or 77 ticks behind
[11:13:26] [Server thread/WARN]: Can't keep up! Is the server overloaded? Running 3534ms or 70 ticks behind
[11:13:44] [Server thread/WARN]: Can't keep up! Is the server overloaded? Running 2590ms or 51 ticks behind
[11:14:02] [Server thread/WARN]: Can't keep up! Is the server overloaded? Running 3345ms or 66 ticks behind
[11:14:20] [Server thread/WARN]: Can't keep up! Is the server overloaded? Running 2473ms or 49 ticks behind
[11:14:37] [Server thread/WARN]: Can't keep up! Is the server overloaded? Running 2309ms or 46 ticks behind
[11:14:57] [Server thread/WARN]: Can't keep up! Is the server overloaded? Running 4885ms or 97 ticks behind
[11:15:15] [Server thread/WARN]: Can't keep up! Is the server overloaded? Running 2936ms or 58 ticks behind
[11:15:42] [Server thread/WARN]: Can't keep up! Is the server overloaded? Running 2349ms or 46 ticks behind
[11:16:34] [Server thread/WARN]: Can't keep up! Is the server overloaded? Running 2001ms or 40 ticks behind
[11:16:55] [Server thread/WARN]: Can't keep up! Is the server overloaded? Running 5259ms or 105 ticks behind
[11:17:15] [Server thread/WARN]: Can't keep up! Is the server overloaded? Running 2003ms or 40 ticks behind
[11:17:36] [Server thread/WARN]: Can't keep up! Is the server overloaded? Running 2017ms or 40 ticks behind
[11:17:55] [Server thread/WARN]: Can't keep up! Is the server overloaded? Running 2005ms or 40 ticks behind
[11:18:13] [Server thread/WARN]: Can't keep up! Is the server overloaded? Running 3803ms or 76 ticks behind
[11:20:07] [Server thread/WARN]: Can't keep up! Is the server overloaded? Running 2012ms or 40 ticks behind
[11:21:03] [Server thread/WARN]: Can't keep up! Is the server overloaded? Running 2894ms or 57 ticks behind
[11:21:04] [Server thread/WARN]: Slashtag_ moved too quickly! 2.08121410246099,-0.604424101326714,-10.19845276312617
[11:21:22] [Server thread/WARN]: Can't keep up! Is the server overloaded? Running 3359ms or 67 ticks behind
[11:21:48] [Server thread/WARN]: Can't keep up! Is the server overloaded? Running 2015ms or 40 ticks behind
[11:22:06] [Server thread/WARN]: Can't keep up! Is the server overloaded? Running 2945ms or 58 ticks behind
[11:22:25] [Server thread/WARN]: Can't keep up! Is the server overloaded? Running 4014ms or 80 ticks behind
[11:24:51] [Server thread/WARN]: Can't keep up! Is the server overloaded? Running 2008ms or 40 ticks behind
[11:25:09] [Server thread/WARN]: Can't keep up! Is the server overloaded? Running 2045ms or 40 ticks behind
[11:26:23] [Server thread/WARN]: Can't keep up! Is the server overloaded? Running 2893ms or 57 ticks behind
[11:31:27] [Server thread/WARN]: Can't keep up! Is the server overloaded? Running 2013ms or 40 ticks behind
[11:31:43] [Server thread/WARN]: Mismatch in destroy block pos: fu{x=404, y=75, z=1402} fu{x=403, y=74, z=1400}
[11:31:43] [Server thread/WARN]: Mismatch in destroy block pos: fu{x=404, y=75, z=1402} fu{x=403, y=74, z=1400}
[11:31:43] [Server thread/WARN]: Mismatch in destroy block pos: fu{x=404, y=75, z=1402} fu{x=403, y=74, z=1400}
[11:32:00] [Server thread/WARN]: Can't keep up! Is the server overloaded? Running 2002ms or 40 ticks behind
[11:32:24] [Server thread/WARN]: Slashtag_ moved too quickly! -322.61378047912746,3.1875,-1389.5272681422741
[11:53:39] [Server thread/INFO]: Slashtag_ didn't want to live in the same world as Enderman
[11:53:40] [Server thread/FATAL]: Error executing task on Server
java.lang.NullPointerException: null
	at yv.b(SourceFile:202) ~[server.jar:?]
	at yp.a(SourceFile:939) ~[server.jar:?]
	at zb.a(SourceFile:467) ~[server.jar:?]
	at zv.a(SourceFile:867) ~[server.jar:?]
	at rs.a(SourceFile:122) ~[server.jar:?]
	at rs$a.a(SourceFile:56) ~[server.jar:?]
	at nk.a(SourceFile:21) ~[server.jar:?]
	at uy.run(SourceFile:18) ~[server.jar:?]
	at amn.c(SourceFile:144) ~[server.jar:?]
	at amr.c(SourceFile:23) ~[server.jar:?]
	at net.minecraft.server.MinecraftServer.b(SourceFile:763) ~[server.jar:?]
	at net.minecraft.server.MinecraftServer.c(SourceFile:154) ~[server.jar:?]
	at amn.x(SourceFile:118) ~[server.jar:?]
	at net.minecraft.server.MinecraftServer.aZ(SourceFile:745) ~[server.jar:?]
	at net.minecraft.server.MinecraftServer.x(SourceFile:739) ~[server.jar:?]
	at amn.bj(SourceFile:103) ~[server.jar:?]
	at net.minecraft.server.MinecraftServer.w(SourceFile:723) ~[server.jar:?]
	at net.minecraft.server.MinecraftServer.v(SourceFile:676) ~[server.jar:?]
	at net.minecraft.server.MinecraftServer.a(SourceFile:256) ~[server.jar:?]
	at java.lang.Thread.run(Thread.java:748) [?:1.8.0_212]
[11:53:56] [Server thread/WARN]: Can't keep up! Is the server overloaded? Running 2012ms or 40 ticks behind
[11:54:14] [Server thread/WARN]: Can't keep up! Is the server overloaded? Running 2877ms or 57 ticks behind
[11:54:31] [Server thread/WARN]: Can't keep up! Is the server overloaded? Running 2429ms or 48 ticks behind
[11:54:49] [Server thread/WARN]: Can't keep up! Is the server overloaded? Running 2486ms or 49 ticks behind
[11:55:18] [Server thread/WARN]: Can't keep up! Is the server overloaded? Running 2003ms or 40 ticks behind
[11:55:37] [Server thread/WARN]: Can't keep up! Is the server overloaded? Running 3516ms or 70 ticks behind
[11:55:50] [Server thread/INFO]: Slashtag_ lost connection: Disconnected
[11:55:50] [Server thread/INFO]: Slashtag_ left the game
[12:50:48] [Server thread/INFO]: Slashtag_[/0:0:0:0:0:0:0:1:55954] logged in with entity id 197264 at (52.37819367297235, 11.0, 594.5156456750119)
[12:50:48] [Server thread/INFO]: Slashtag_ joined the game
[12:50:56] [Server thread/WARN]: Can't keep up! Is the server overloaded? Running 2008ms or 40 ticks behind
[12:51:17] [Server thread/WARN]: Can't keep up! Is the server overloaded? Running 6051ms or 121 ticks behind
[12:51:36] [Server thread/WARN]: Can't keep up! Is the server overloaded? Running 3574ms or 71 ticks behind
[12:51:56] [Server thread/WARN]: Can't keep up! Is the server overloaded? Running 2065ms or 41 ticks behind
[12:52:40] [Server thread/WARN]: Can't keep up! Is the server overloaded? Running 2018ms or 40 ticks behind
[12:53:17] [Server thread/WARN]: Can't keep up! Is the server overloaded? Running 2002ms or 40 ticks behind
[12:54:33] [Server thread/WARN]: Can't keep up! Is the server overloaded? Running 2004ms or 40 ticks behind
[12:55:06] [Server thread/WARN]: Can't keep up! Is the server overloaded? Running 2097ms or 41 ticks behind
[12:56:15] [Server thread/WARN]: Can't keep up! Is the server overloaded? Running 2030ms or 40 ticks behind
[12:57:08] [Server thread/WARN]: Can't keep up! Is the server overloaded? Running 2394ms or 47 ticks behind
[13:00:25] [Server thread/WARN]: Can't keep up! Is the server overloaded? Running 2011ms or 40 ticks behind
[13:01:45] [Server thread/WARN]: Can't keep up! Is the server overloaded? Running 2003ms or 40 ticks behind
[13:02:04] [Server thread/WARN]: Can't keep up! Is the server overloaded? Running 4045ms or 80 ticks behind
[13:02:23] [Server thread/WARN]: Can't keep up! Is the server overloaded? Running 3975ms or 79 ticks behind
[13:03:03] [Server thread/WARN]: Can't keep up! Is the server overloaded? Running 2005ms or 40 ticks behind
[13:03:25] [Server thread/WARN]: Can't keep up! Is the server overloaded? Running 2019ms or 40 ticks behind
[13:03:43] [Server thread/WARN]: Can't keep up! Is the server overloaded? Running 2029ms or 40 ticks behind
[13:04:12] [Server thread/WARN]: Can't keep up! Is the server overloaded? Running 2397ms or 47 ticks behind
[13:06:04] [Server thread/WARN]: Can't keep up! Is the server overloaded? Running 2004ms or 40 ticks behind
[13:06:07] [Server thread/WARN]: Slashtag_ moved too quickly! -322.5312507041002,3.233632006042477,-1389.375526922634
[13:33:26] [Server thread/INFO]: Slashtag_ lost connection: Disconnected
[13:33:26] [Server thread/INFO]: Slashtag_ left the game
[13:40:36] [Server thread/INFO]: Slashtag_[/0:0:0:0:0:0:0:1:56106] logged in with entity id 203758 at (-118.00420104603218, 57.0, -19.604828205048854)
[13:40:37] [Server thread/INFO]: Slashtag_ joined the game
[13:46:44] [Server thread/WARN]: Can't keep up! Is the server overloaded? Running 2006ms or 40 ticks behind
[13:47:02] [Server thread/WARN]: Can't keep up! Is the server overloaded? Running 3280ms or 65 ticks behind
[13:47:40] [Server thread/WARN]: Can't keep up! Is the server overloaded? Running 5027ms or 100 ticks behind
[13:52:42] [Server thread/WARN]: Slashtag_ moved too quickly! 7.294566594909909,7.5,-0.04571274614374943
[13:52:44] [Server thread/WARN]: Can't keep up! Is the server overloaded? Running 2009ms or 40 ticks behind
[13:53:27] [Server thread/WARN]: Can't keep up! Is the server overloaded? Running 2131ms or 42 ticks behind
[13:57:48] [Server thread/WARN]: Can't keep up! Is the server overloaded? Running 3393ms or 67 ticks behind
[13:58:06] [Server thread/WARN]: Can't keep up! Is the server overloaded? Running 3403ms or 68 ticks behind
[13:58:24] [Server thread/WARN]: Can't keep up! Is the server overloaded? Running 2480ms or 49 ticks behind
[13:58:51] [Server thread/WARN]: Can't keep up! Is the server overloaded? Running 2005ms or 40 ticks behind
[14:00:03] [Server thread/WARN]: Can't keep up! Is the server overloaded? Running 2024ms or 40 ticks behind
[14:00:11] [Server thread/INFO]: Slashtag_ has made the advancement [Local Brewery]
